<?xml version="1.0" encoding="UTF-8"?>
<!-- Generated by org.testng.reporters.JUnitReportReporter -->
<testsuite hostname="DESKTOP-C4MOHRM" failures="0" tests="1" name="TestRunner.testRunner" time="4.271" errors="0" timestamp="2025-03-24T09:03:49 IST" skipped="0">
  <testcase classname="TestRunner.testRunner" name="runScenario" time="4.271"/>
  <system-out/>
</testsuite> <!-- TestRunner.testRunner -->
