<?xml version="1.0" encoding="UTF-8"?>
<!-- Generated by org.testng.reporters.JUnitReportReporter -->
<testsuite hostname="DESKTOP-C4MOHRM" failures="0" tests="1" name="TestRunner.testRunner$TestRunner" time="4.496" errors="0" timestamp="2025-03-21T10:14:06 IST" skipped="0">
  <testcase classname="TestRunner.testRunner$TestRunner" name="runScenario" time="4.496"/>
  <system-out/>
</testsuite> <!-- TestRunner.testRunner$TestRunner -->
