<?xml version="1.0" encoding="UTF-8"?>
<!-- Generated by org.testng.reporters.JUnitReportReporter -->
<testsuite hostname="DESKTOP-C4MOHRM" failures="0" tests="1" name="TestRunner.testRunner$TestRunner" time="4.221" errors="0" timestamp="2024-11-27T19:12:04 IST" skipped="0">
  <testcase classname="TestRunner.testRunner$TestRunner" name="runScenario" time="4.221"/>
  <system-out/>
</testsuite> <!-- TestRunner.testRunner$TestRunner -->
